2024-08-27T15:22:02.884+01:00  INFO 28992 --- [main] dark.shadowland.petproject.App           : Starting App using Java 17.0.10 with PID 28992 (/disk/Storage/workspace/petprojects/kdbrefresh/springboottest/target/classes started by jose in /disk/Storage/workspace/petprojects/kdbrefresh/springboottest)
2024-08-27T15:22:02.886+01:00  INFO 28992 --- [main] dark.shadowland.petproject.App           : No active profile set, falling back to 1 default profile: "default"
2024-08-27T15:22:03.137+01:00  INFO 28992 --- [main] .s.d.r.c.RepositoryConfigurationDelegate : Bootstrapping Spring Data JPA repositories in DEFAULT mode.
2024-08-27T15:22:03.149+01:00  INFO 28992 --- [main] .s.d.r.c.RepositoryConfigurationDelegate : Finished Spring Data repository scanning in 7 ms. Found 0 JPA repository interfaces.
2024-08-27T15:22:03.298+01:00  INFO 28992 --- [main] d.s.p.ReadConfig$$SpringCGLIB$$0         : Starting JPA Data source information
2024-08-27T15:22:03.607+01:00  INFO 28992 --- [main] o.s.o.j.p.SpringPersistenceUnitInfo      : No LoadTimeWeaver setup: ignoring JPA class transformer
2024-08-27T15:22:04.018+01:00  INFO 28992 --- [main] j.LocalContainerEntityManagerFactoryBean : Initialized JPA EntityManagerFactory for persistence unit 'default'
2024-08-27T15:22:04.144+01:00  INFO 28992 --- [main] dark.shadowland.petproject.App           : Started App in 1.48 seconds (process running for 1.874)
2024-08-27T15:22:04.150+01:00  INFO 28992 --- [SpringApplicationShutdownHook] j.LocalContainerEntityManagerFactoryBean : Closing JPA EntityManagerFactory for persistence unit 'default'
2024-08-27T15:32:04.420+01:00  INFO 36230 --- [main] dark.shadowland.petproject.App           : Starting App using Java 17.0.10 with PID 36230 (/disk/Storage/workspace/petprojects/kdbrefresh/springboottest/target/classes started by jose in /disk/Storage/workspace/petprojects/kdbrefresh/springboottest)
2024-08-27T15:32:04.421+01:00  INFO 36230 --- [main] dark.shadowland.petproject.App           : No active profile set, falling back to 1 default profile: "default"
2024-08-27T15:32:04.712+01:00  INFO 36230 --- [main] .s.d.r.c.RepositoryConfigurationDelegate : Bootstrapping Spring Data JPA repositories in DEFAULT mode.
2024-08-27T15:32:04.725+01:00  INFO 36230 --- [main] .s.d.r.c.RepositoryConfigurationDelegate : Finished Spring Data repository scanning in 8 ms. Found 0 JPA repository interfaces.
2024-08-27T15:32:04.907+01:00  INFO 36230 --- [main] d.s.p.ReadConfig$$SpringCGLIB$$0         : Starting JPA Data source information
2024-08-27T15:32:05.270+01:00  INFO 36230 --- [main] o.s.o.j.p.SpringPersistenceUnitInfo      : No LoadTimeWeaver setup: ignoring JPA class transformer
2024-08-27T15:32:05.757+01:00  INFO 36230 --- [main] j.LocalContainerEntityManagerFactoryBean : Initialized JPA EntityManagerFactory for persistence unit 'default'
2024-08-27T15:32:05.879+01:00  INFO 36230 --- [main] dark.shadowland.petproject.App           : Started App in 1.726 seconds (process running for 2.178)
2024-08-27T15:32:05.890+01:00  INFO 36230 --- [SpringApplicationShutdownHook] j.LocalContainerEntityManagerFactoryBean : Closing JPA EntityManagerFactory for persistence unit 'default'
2024-08-27T15:45:33.717+01:00  INFO 45390 --- [main] dark.shadowland.petproject.App           : Starting App using Java 17.0.10 with PID 45390 (/disk/Storage/workspace/petprojects/kdbrefresh/springboottest/target/classes started by jose in /disk/Storage/workspace/petprojects/kdbrefresh/springboottest)
2024-08-27T15:45:33.719+01:00  INFO 45390 --- [main] dark.shadowland.petproject.App           : No active profile set, falling back to 1 default profile: "default"
2024-08-27T15:45:33.983+01:00  INFO 45390 --- [main] .s.d.r.c.RepositoryConfigurationDelegate : Bootstrapping Spring Data JPA repositories in DEFAULT mode.
2024-08-27T15:45:33.995+01:00  INFO 45390 --- [main] .s.d.r.c.RepositoryConfigurationDelegate : Finished Spring Data repository scanning in 7 ms. Found 0 JPA repository interfaces.
2024-08-27T15:45:34.144+01:00  INFO 45390 --- [main] d.s.p.ReadConfig$$SpringCGLIB$$0         : Starting JPA Data source information
2024-08-27T15:45:34.444+01:00  INFO 45390 --- [main] o.s.o.j.p.SpringPersistenceUnitInfo      : No LoadTimeWeaver setup: ignoring JPA class transformer
2024-08-27T15:45:34.914+01:00  INFO 45390 --- [main] j.LocalContainerEntityManagerFactoryBean : Initialized JPA EntityManagerFactory for persistence unit 'default'
2024-08-27T15:45:35.028+01:00  INFO 45390 --- [main] dark.shadowland.petproject.App           : Started App in 1.551 seconds (process running for 1.955)
2024-08-27T15:45:35.030+01:00 ERROR 45390 --- [main] dark.shadowland.petproject.AppReady      : No profiles available!
2024-08-27T15:45:35.291+01:00 ERROR 45390 --- [main] o.s.boot.SpringApplication               : Application run failed

org.springframework.jdbc.BadSqlGrammarException: StatementCallback; bad SQL grammar [SELECT count(1) from chairs]
	at org.springframework.jdbc.support.SQLStateSQLExceptionTranslator.doTranslate(SQLStateSQLExceptionTranslator.java:112)
	at org.springframework.jdbc.support.AbstractFallbackSQLExceptionTranslator.translate(AbstractFallbackSQLExceptionTranslator.java:107)
	at org.springframework.jdbc.support.AbstractFallbackSQLExceptionTranslator.translate(AbstractFallbackSQLExceptionTranslator.java:116)
	at org.springframework.jdbc.core.JdbcTemplate.translateException(JdbcTemplate.java:1548)
	at org.springframework.jdbc.core.JdbcTemplate.execute(JdbcTemplate.java:408)
	at org.springframework.jdbc.core.JdbcTemplate.query(JdbcTemplate.java:476)
	at org.springframework.jdbc.core.JdbcTemplate.query(JdbcTemplate.java:486)
	at dark.shadowland.petproject.AppReady.onApplicationEvent(AppReady.java:39)
	at dark.shadowland.petproject.AppReady.onApplicationEvent(AppReady.java:1)
	at org.springframework.context.event.SimpleApplicationEventMulticaster.doInvokeListener(SimpleApplicationEventMulticaster.java:185)
	at org.springframework.context.event.SimpleApplicationEventMulticaster.invokeListener(SimpleApplicationEventMulticaster.java:178)
	at org.springframework.context.event.SimpleApplicationEventMulticaster.multicastEvent(SimpleApplicationEventMulticaster.java:156)
	at org.springframework.context.support.AbstractApplicationContext.publishEvent(AbstractApplicationContext.java:452)
	at org.springframework.context.support.AbstractApplicationContext.publishEvent(AbstractApplicationContext.java:385)
	at org.springframework.boot.context.event.EventPublishingRunListener.ready(EventPublishingRunListener.java:109)
	at org.springframework.boot.SpringApplicationRunListeners.lambda$ready$6(SpringApplicationRunListeners.java:80)
	at java.base/java.lang.Iterable.forEach(Iterable.java:75)
	at org.springframework.boot.SpringApplicationRunListeners.doWithListeners(SpringApplicationRunListeners.java:118)
	at org.springframework.boot.SpringApplicationRunListeners.doWithListeners(SpringApplicationRunListeners.java:112)
	at org.springframework.boot.SpringApplicationRunListeners.ready(SpringApplicationRunListeners.java:80)
	at org.springframework.boot.SpringApplication.run(SpringApplication.java:349)
	at org.springframework.boot.SpringApplication.run(SpringApplication.java:1363)
	at org.springframework.boot.SpringApplication.run(SpringApplication.java:1352)
	at dark.shadowland.petproject.App.main(App.java:11)
Caused by: org.postgresql.util.PSQLException: ERROR: permission denied for table chairs
	at org.postgresql.core.v3.QueryExecutorImpl.receiveErrorResponse(QueryExecutorImpl.java:2725)
	at org.postgresql.core.v3.QueryExecutorImpl.processResults(QueryExecutorImpl.java:2412)
	at org.postgresql.core.v3.QueryExecutorImpl.execute(QueryExecutorImpl.java:371)
	at org.postgresql.jdbc.PgStatement.executeInternal(PgStatement.java:502)
	at org.postgresql.jdbc.PgStatement.execute(PgStatement.java:419)
	at org.postgresql.jdbc.PgStatement.executeWithFlags(PgStatement.java:341)
	at org.postgresql.jdbc.PgStatement.executeCachedSql(PgStatement.java:326)
	at org.postgresql.jdbc.PgStatement.executeWithFlags(PgStatement.java:302)
	at org.postgresql.jdbc.PgStatement.executeQuery(PgStatement.java:251)
	at org.springframework.jdbc.core.JdbcTemplate$1QueryStatementCallback.doInStatement(JdbcTemplate.java:463)
	at org.springframework.jdbc.core.JdbcTemplate.execute(JdbcTemplate.java:393)
	... 19 common frames omitted

2024-08-27T15:45:35.295+01:00  INFO 45390 --- [main] j.LocalContainerEntityManagerFactoryBean : Closing JPA EntityManagerFactory for persistence unit 'default'
